Base path: /Applications/Unity/Unity.app/Contents
Pipe name: \\.\pipe\UnityShaderCompiler-5--1332412416
Cmd: getPlatforms
Cmd: compileSnippet
  api=4 type=0 insize=8182 outsize=1298 kw=DIRECTIONAL SHADOWS_SCREEN LIGHTMAP_ON DIRLIGHTMAP_OFF ok=1
Cmd: compileSnippet
  api=4 type=1 insize=8182 outsize=3029 kw=DIRECTIONAL SHADOWS_SCREEN LIGHTMAP_OFF DIRLIGHTMAP_OFF ok=1
Cmd: compileSnippet
  api=4 type=2 insize=8182 outsize=7750 kw=DIRECTIONAL SHADOWS_SCREEN LIGHTMAP_OFF DIRLIGHTMAP_OFF ok=1
Cmd: compileSnippet
  api=4 type=3 insize=8182 outsize=6482 kw=DIRECTIONAL SHADOWS_OFF LIGHTMAP_OFF DIRLIGHTMAP_OFF ok=1
Cmd: compileSnippet
  api=4 type=0 insize=5868 outsize=1298 kw=SPOT ok=1
Cmd: compileSnippet
  api=4 type=1 insize=5868 outsize=2793 kw=DIRECTIONAL_COOKIE ok=1
Cmd: compileSnippet
  api=4 type=2 insize=5868 outsize=7750 kw=POINT_COOKIE ok=1
Cmd: compileSnippet
  api=4 type=3 insize=5868 outsize=6043 kw=DIRECTIONAL_COOKIE ok=1
Cmd: compileSnippet
  api=4 type=0 insize=7683 outsize=1298 kw=LIGHTMAP_ON DIRLIGHTMAP_ON HDR_LIGHT_PREPASS_OFF ok=1
Cmd: compileSnippet
  api=4 type=1 insize=7683 outsize=3988 kw=LIGHTMAP_ON DIRLIGHTMAP_ON HDR_LIGHT_PREPASS_ON ok=1
Cmd: compileSnippet
  api=4 type=2 insize=7683 outsize=7750 kw=LIGHTMAP_ON DIRLIGHTMAP_OFF HDR_LIGHT_PREPASS_ON ok=1
Cmd: compileSnippet
  api=4 type=3 insize=7683 outsize=5345 kw=LIGHTMAP_ON DIRLIGHTMAP_ON HDR_LIGHT_PREPASS_OFF ok=1
Cmd: compileSnippet
  api=4 type=1 insize=4981 outsize=973 kw=SHADOWS_CUBE ok=1
Cmd: compileSnippet
  api=0 type=0 insize=10220 outsize=5636 kw=WATER_REFLECTIVE WATER_VERTEX_DISPLACEMENT_ON WATER_EDGEBLEND_OFF ok=1
Cmd: compileSnippet
  api=1 type=0 insize=10220 outsize=2620 kw=WATER_REFLECTIVE WATER_VERTEX_DISPLACEMENT_ON WATER_EDGEBLEND_OFF ok=1
Cmd: compileSnippet
  api=4 type=0 insize=10220 outsize=2720 kw=WATER_SIMPLE WATER_VERTEX_DISPLACEMENT_OFF WATER_EDGEBLEND_ON ok=1
Cmd: compileSnippet
  api=0 type=0 insize=10220 outsize=3225 kw=WATER_SIMPLE WATER_VERTEX_DISPLACEMENT_OFF WATER_EDGEBLEND_OFF ok=1
Cmd: compileSnippet
  api=1 type=1 insize=10220 outsize=1728 kw=WATER_SIMPLE WATER_VERTEX_DISPLACEMENT_ON WATER_EDGEBLEND_ON ok=1
Cmd: compileSnippet
  api=0 type=1 insize=10220 outsize=6 kw=WATER_REFLECTIVE WATER_VERTEX_DISPLACEMENT_OFF WATER_EDGEBLEND_ON ok=1
Cmd: compileSnippet
  api=1 type=1 insize=10220 outsize=1826 kw=WATER_REFLECTIVE WATER_VERTEX_DISPLACEMENT_OFF WATER_EDGEBLEND_ON ok=1
Cmd: compileSnippet
  api=4 type=1 insize=10220 outsize=5507 kw=WATER_SIMPLE WATER_VERTEX_DISPLACEMENT_OFF WATER_EDGEBLEND_ON ok=1
Cmd: compileSnippet
  api=0 type=0 insize=10224 outsize=4933 kw=WATER_SIMPLE WATER_VERTEX_DISPLACEMENT_ON WATER_EDGEBLEND_ON ok=1
Cmd: compileSnippet
  api=1 type=0 insize=10224 outsize=2463 kw=WATER_SIMPLE WATER_VERTEX_DISPLACEMENT_ON WATER_EDGEBLEND_OFF ok=1
Cmd: compileSnippet
  api=4 type=0 insize=10224 outsize=2330 kw=WATER_REFLECTIVE WATER_VERTEX_DISPLACEMENT_OFF WATER_EDGEBLEND_ON ok=1
Cmd: compileSnippet
  api=4 type=0 insize=10224 outsize=2330 kw=WATER_REFLECTIVE WATER_VERTEX_DISPLACEMENT_OFF WATER_EDGEBLEND_OFF ok=1
Cmd: compileSnippet
  api=0 type=1 insize=10224 outsize=6 kw=WATER_SIMPLE WATER_VERTEX_DISPLACEMENT_ON WATER_EDGEBLEND_ON ok=1
Cmd: compileSnippet
  api=1 type=1 insize=10224 outsize=1184 kw=WATER_REFLECTIVE WATER_VERTEX_DISPLACEMENT_ON WATER_EDGEBLEND_OFF ok=1
Cmd: compileSnippet
  api=1 type=1 insize=10224 outsize=1026 kw=WATER_SIMPLE WATER_VERTEX_DISPLACEMENT_ON WATER_EDGEBLEND_OFF ok=1
Cmd: compileSnippet
  api=4 type=1 insize=10224 outsize=3907 kw=WATER_REFLECTIVE WATER_VERTEX_DISPLACEMENT_OFF WATER_EDGEBLEND_OFF ok=1
Cmd: compileSnippet
  api=0 type=0 insize=9506 outsize=5601 kw=WATER_SIMPLE WATER_VERTEX_DISPLACEMENT_ON WATER_EDGEBLEND_ON ok=1
Cmd: compileSnippet
  api=1 type=0 insize=9506 outsize=2566 kw=WATER_REFLECTIVE WATER_VERTEX_DISPLACEMENT_ON WATER_EDGEBLEND_OFF ok=1
Cmd: compileSnippet
  api=1 type=0 insize=9506 outsize=594 kw=WATER_REFLECTIVE WATER_VERTEX_DISPLACEMENT_OFF WATER_EDGEBLEND_ON ok=1
Cmd: compileSnippet
  api=0 type=0 insize=9506 outsize=2717 kw=WATER_SIMPLE WATER_VERTEX_DISPLACEMENT_OFF WATER_EDGEBLEND_OFF ok=1
Cmd: compileSnippet
  api=4 type=1 insize=9506 outsize=5003 kw=WATER_REFLECTIVE WATER_VERTEX_DISPLACEMENT_ON WATER_EDGEBLEND_ON ok=1
Cmd: compileSnippet
  api=0 type=1 insize=9506 outsize=6 kw=WATER_SIMPLE WATER_VERTEX_DISPLACEMENT_OFF WATER_EDGEBLEND_OFF ok=1
Cmd: compileSnippet
  api=1 type=1 insize=9506 outsize=1039 kw=WATER_SIMPLE WATER_VERTEX_DISPLACEMENT_OFF WATER_EDGEBLEND_OFF ok=1
Cmd: compileSnippet
  api=1 type=0 insize=9510 outsize=2427 kw=WATER_REFLECTIVE WATER_VERTEX_DISPLACEMENT_ON WATER_EDGEBLEND_ON ok=1
Cmd: compileSnippet
  api=1 type=0 insize=9510 outsize=2427 kw=WATER_SIMPLE WATER_VERTEX_DISPLACEMENT_ON WATER_EDGEBLEND_OFF ok=1
Cmd: compileSnippet
  api=0 type=0 insize=9510 outsize=2575 kw=WATER_SIMPLE WATER_VERTEX_DISPLACEMENT_OFF WATER_EDGEBLEND_ON ok=1
Cmd: compileSnippet
  api=0 type=0 insize=9510 outsize=2254 kw=WATER_SIMPLE WATER_VERTEX_DISPLACEMENT_OFF WATER_EDGEBLEND_OFF ok=1
Cmd: compileSnippet
  api=4 type=1 insize=9510 outsize=3484 kw=WATER_SIMPLE WATER_VERTEX_DISPLACEMENT_ON WATER_EDGEBLEND_ON ok=1
Cmd: compileSnippet
  api=4 type=1 insize=9510 outsize=4215 kw=WATER_REFLECTIVE WATER_VERTEX_DISPLACEMENT_OFF WATER_EDGEBLEND_ON ok=1
Cmd: compileSnippet
  api=1 type=1 insize=9252 outsize=1100 kw= ok=1
End of pipe

Quitting shader compiler process
